<?xml version="1.0" encoding="UTF-8"?>
<testsuite xmlns:xsi="http://www.w3.org/2001/XMLSchema-instance" xsi:noNamespaceSchemaLocation="https://maven.apache.org/surefire/maven-surefire-plugin/xsd/surefire-test-report.xsd" version="3.0.2" name="com.paulo.beauty_scheduler.BeautySchedulerApplicationTests" time="3.814" tests="1" errors="0" skipped="0" failures="0" flakes="0">
  <properties>
[...]
</properties>
  <testcase name="contextLoads" classname="com.paulo.beauty_scheduler.BeautySchedulerApplicationTests" time="0.348">
    <system-out><![CDATA[22:33:35.507 [main] INFO org.springframework.test.context.support.AnnotationConfigContextLoaderUtils -- Could not detect default configuration classes for test class [com.paulo.beauty_scheduler.BeautySchedulerApplicationTests]: BeautySchedulerApplicationTests does not declare any static, non-private, non-final, nested classes annotated with @Configuration.
22:33:35.589 [main] INFO org.springframework.boot.test.context.SpringBootTestContextBootstrapper -- Found @SpringBootConfiguration com.paulo.beauty_scheduler.BeautySchedulerApplication for test class com.paulo.beauty_scheduler.BeautySchedulerApplicationTests
22:33:35.663 [main] INFO org.springframework.test.context.support.AnnotationConfigContextLoaderUtils -- Could not detect default configuration classes for test class [com.paulo.beauty_scheduler.BeautySchedulerApplicationTests]: BeautySchedulerApplicationTests does not declare any static, non-private, non-final, nested classes annotated with @Configuration.
22:33:35.665 [main] INFO org.springframework.boot.test.context.SpringBootTestContextBootstrapper -- Found @SpringBootConfiguration com.paulo.beauty_scheduler.BeautySchedulerApplication for test class com.paulo.beauty_scheduler.BeautySchedulerApplicationTests

  .   ____          _            __ _ _
 /\\ / ___'_ __ _ _(_)_ __  __ _ \ \ \ \
( ( )\___ | '_ | '_| | '_ \/ _` | \ \ \ \
 \\/  ___)| |_)| | | | | || (_| |  ) ) ) )
  '  |____| .__|_| |_|_| |_\__, | / / / /
 =========|_|==============|___/=/_/_/_/

 :: Spring Boot ::                (v4.1.0)

2026-06-21T22:33:35.944-03:00  INFO 37205 --- [beauty-scheduler] [           main] c.p.b.BeautySchedulerApplicationTests    : Starting BeautySchedulerApplicationTests using Java 17.0.18 with PID 37205 (started by paulo in /home/paulo/Documents/GitHub/beauty-scheduler/backend)
2026-06-21T22:33:35.946-03:00  INFO 37205 --- [beauty-scheduler] [           main] c.p.b.BeautySchedulerApplicationTests    : No active profile set, falling back to 1 default profile: "default"
2026-06-21T22:33:36.486-03:00  INFO 37205 --- [beauty-scheduler] [           main] .s.d.r.c.RepositoryConfigurationDelegate : Bootstrapping Spring Data JPA repositories in DEFAULT mode.
2026-06-21T22:33:36.506-03:00  INFO 37205 --- [beauty-scheduler] [           main] .s.d.r.c.RepositoryConfigurationDelegate : Finished Spring Data repository scanning in 11 ms. Found 0 JPA repository interfaces.
2026-06-21T22:33:36.816-03:00  INFO 37205 --- [beauty-scheduler] [           main] org.hibernate.orm.jpa                    : HHH008540: Processing PersistenceUnitInfo [name: default]
2026-06-21T22:33:36.865-03:00  INFO 37205 --- [beauty-scheduler] [           main] org.hibernate.orm.core                   : HHH000001: Hibernate ORM core version 7.4.1.Final
2026-06-21T22:33:37.264-03:00  INFO 37205 --- [beauty-scheduler] [           main] o.s.o.j.p.SpringPersistenceUnitInfo      : No LoadTimeWeaver setup: ignoring JPA class transformer
2026-06-21T22:33:37.293-03:00  INFO 37205 --- [beauty-scheduler] [           main] com.zaxxer.hikari.HikariDataSource       : HikariPool-1 - Starting...
2026-06-21T22:33:37.559-03:00  INFO 37205 --- [beauty-scheduler] [           main] com.zaxxer.hikari.pool.HikariPool        : HikariPool-1 - Added connection com.mysql.cj.jdbc.ConnectionImpl@311a09b2
2026-06-21T22:33:37.561-03:00  INFO 37205 --- [beauty-scheduler] [           main] com.zaxxer.hikari.HikariDataSource       : HikariPool-1 - Start completed.
2026-06-21T22:33:37.647-03:00  INFO 37205 --- [beauty-scheduler] [           main] org.hibernate.orm.connections.pooling    : HHH10001005: Database info:
	Database JDBC URL [jdbc:mysql://localhost:3306/beauty_scheduler]
	Database driver: MySQL Connector/J
	Database dialect: MySQLDialect
	Database version: 8.0.45
	Default catalog/schema: beauty_scheduler/undefined
	Autocommit mode: undefined/unknown
	Isolation level: REPEATABLE_READ [default REPEATABLE_READ]
	JDBC fetch size: none
	Pool: DataSourceConnectionProvider
	Minimum pool size: undefined/unknown
	Maximum pool size: undefined/unknown
2026-06-21T22:33:38.257-03:00  INFO 37205 --- [beauty-scheduler] [           main] org.hibernate.orm.core                   : HHH000489: No JTA platform available (set 'hibernate.transaction.jta.platform' to enable JTA platform integration)
Hibernate: 
    create table user (
        id bigint not null auto_increment,
        cpf varchar(255) not null,
        email varchar(255) not null,
        name varchar(255) not null,
        password varchar(255) not null,
        phone varchar(255) not null,
        role enum ('CUSTOMER','OWNER','PROFESSIONAL'),
        primary key (id)
    ) engine=InnoDB
2026-06-21T22:33:38.319-03:00  INFO 37205 --- [beauty-scheduler] [           main] j.LocalContainerEntityManagerFactoryBean : Initialized JPA EntityManagerFactory for persistence unit 'default'
2026-06-21T22:33:38.391-03:00  WARN 37205 --- [beauty-scheduler] [           main] JpaBaseConfiguration$JpaWebConfiguration : spring.jpa.open-in-view is enabled by default. Therefore, database queries may be performed during view rendering. Explicitly configure spring.jpa.open-in-view to disable this warning
2026-06-21T22:33:38.788-03:00  INFO 37205 --- [beauty-scheduler] [           main] c.p.b.BeautySchedulerApplicationTests    : Started BeautySchedulerApplicationTests in 3.061 seconds (process running for 3.997)
]]></system-out>
  </testcase>
</testsuite>